<?xml version="1.0" encoding="UTF-8" ?>
<testsuite tests="12" failures="1" name="TestSuite" time="18.659" errors="0" skipped="0">
  <properties>
[...]
</properties>
  <testcase classname="com.test.gurukul.GkPagesTest.GkAuthenticationPageTest" name="forgotPassword" time="0.474"/>
  <testcase classname="com.test.gurukul.GkPagesTest.GkAuthenticationPageTest" name="invalidCredential" time="1.094"/>
  <testcase classname="com.test.gurukul.GkPagesTest.GkAuthenticationPageTest" name="invalidCredential" time="1.379"/>
  <testcase classname="com.test.gurukul.GkPagesTest.GkAuthenticationPageTest" name="invalidCredential" time="0.634"/>
  <testcase classname="com.test.gurukul.GkPagesTest.GkAuthenticationPageTest" name="invalidCredential" time="1.04"/>
  <testcase classname="com.test.gurukul.GkPagesTest.GkAuthenticationPageTest" name="invalidCredential" time="1.14"/>
  <testcase classname="com.test.gurukul.GkPagesTest.GkAuthenticationPageTest" name="registerFromAuthPage" time="10.277">
    <failure message="Element not found in the cache - perhaps the page has changed since it was looked up
Command duration or timeout: 10.10 seconds
For documentation on this error, please visit: http://seleniumhq.org/exceptions/stale_element_reference.html
Build info: version: &apos;2.53.0&apos;, revision: &apos;35ae25b1534ae328c771e0856c93e187490ca824&apos;, time: &apos;2016-03-15 10:43:46&apos;
System info: host: &apos;RPIPL2-DT-DV046&apos;, ip: &apos;10.13.167.22&apos;, os.name: &apos;Windows 7&apos;, os.arch: &apos;amd64&apos;, os.version: &apos;6.1&apos;, java.version: &apos;1.8.0_91&apos;
Driver info: org.openqa.selenium.firefox.FirefoxDriver
Capabilities [{applicationCacheEnabled=true, rotatable=false, handlesAlerts=true, databaseEnabled=true, version=35.0.1, platform=WINDOWS, nativeEvents=false, acceptSslCerts=true, webStorageEnabled=true, locationContextEnabled=true, browserName=firefox, takesScreenshot=true, javascriptEnabled=true, cssSelectorsEnabled=true}]
Session ID: 843b225c-45c7-4313-9f16-251431f1ecb8" type="java.lang.AssertionError">java.lang.AssertionError: Element not found in the cache - perhaps the page has changed since it was looked up
Command duration or timeout: 10.10 seconds
For documentation on this error, please visit: http://seleniumhq.org/exceptions/stale_element_reference.html
Build info: version: &apos;2.53.0&apos;, revision: &apos;35ae25b1534ae328c771e0856c93e187490ca824&apos;, time: &apos;2016-03-15 10:43:46&apos;
System info: host: &apos;RPIPL2-DT-DV046&apos;, ip: &apos;10.13.167.22&apos;, os.name: &apos;Windows 7&apos;, os.arch: &apos;amd64&apos;, os.version: &apos;6.1&apos;, java.version: &apos;1.8.0_91&apos;
Driver info: org.openqa.selenium.firefox.FirefoxDriver
Capabilities [{applicationCacheEnabled=true, rotatable=false, handlesAlerts=true, databaseEnabled=true, version=35.0.1, platform=WINDOWS, nativeEvents=false, acceptSslCerts=true, webStorageEnabled=true, locationContextEnabled=true, browserName=firefox, takesScreenshot=true, javascriptEnabled=true, cssSelectorsEnabled=true}]
Session ID: 843b225c-45c7-4313-9f16-251431f1ecb8
	at org.testng.Assert.fail(Assert.java:94)
	at com.test.gurukul.pages.GkLoginPage.gkNewRegistrationPage(GkLoginPage.java:51)
	at com.test.gurukul.GkPagesTest.GkAuthenticationPageTest.registerFromAuthPage(GkAuthenticationPageTest.java:47)
</failure>
  </testcase>
  <testcase classname="com.test.gurukul.GkPagesTest.GkAuthenticationPageTest" name="validUserLogin" time="1.724"/>
  <testcase classname="com.test.gurukul.GkPagesTest.GkLoginPageTest" name="registerNewAccount" time="0.378"/>
  <testcase classname="com.test.gurukul.GkPagesTest.GkLoginPageTest" name="testGkLogo" time="0.073"/>
  <testcase classname="com.test.gurukul.GkPagesTest.GkLoginPageTest" name="testGkWelcomeMessage" time="0.082"/>
  <testcase classname="com.test.gurukul.GkPagesTest.GkLoginPageTest" name="testLoginLink" time="0.364"/>
</testsuite>