<?xml version="1.0" encoding="UTF-8"?>
<!-- Generated by org.testng.reporters.JUnitXMLReporter -->
<testsuite hostname="RPIPL2-DT-DV046" name="com.test.gurukul.GkPagesTest" tests="12" failures="0" timestamp="11 May 2016 09:39:03 GMT" time="103.077" errors="0">
  <testcase name="forgotPassword" time="0.565" classname="com.test.gurukul.GkPagesTest.GkAuthenticationPageTest"/>
  <testcase name="invalidCredential" time="0.585" classname="com.test.gurukul.GkPagesTest.GkAuthenticationPageTest"/>
  <testcase name="invalidCredential" time="1.363" classname="com.test.gurukul.GkPagesTest.GkAuthenticationPageTest"/>
  <testcase name="invalidCredential" time="0.558" classname="com.test.gurukul.GkPagesTest.GkAuthenticationPageTest"/>
  <testcase name="invalidCredential" time="1.244" classname="com.test.gurukul.GkPagesTest.GkAuthenticationPageTest"/>
  <testcase name="invalidCredential" time="1.942" classname="com.test.gurukul.GkPagesTest.GkAuthenticationPageTest"/>
  <testcase name="registerFromAuthPage" time="0.641" classname="com.test.gurukul.GkPagesTest.GkAuthenticationPageTest"/>
  <testcase name="validUserLogin" time="2.235" classname="com.test.gurukul.GkPagesTest.GkAuthenticationPageTest"/>
  <testcase name="registerNewAccount" time="0.515" classname="com.test.gurukul.GkPagesTest.GkLoginPageTest"/>
  <testcase name="testGkLogo" time="0.063" classname="com.test.gurukul.GkPagesTest.GkLoginPageTest"/>
  <testcase name="testGkWelcomeMessage" time="0.078" classname="com.test.gurukul.GkPagesTest.GkLoginPageTest"/>
  <testcase name="testLoginLink" time="0.428" classname="com.test.gurukul.GkPagesTest.GkLoginPageTest"/>
</testsuite> <!-- com.test.gurukul.GkPagesTest -->
